<?xml version="1.0" encoding="UTF-8"?>
<coverage generated="1492852511092" clover="3.2.0">
  <project timestamp="1492852511092" name="All files">
    <metrics statements="60" coveredstatements="35" conditionals="6" coveredconditionals="4" methods="22" coveredmethods="12" elements="88" coveredelements="51" complexity="0" loc="60" ncloc="60" packages="5" files="9" classes="9">
      <package name="jest">
        <metrics statements="1" coveredstatements="1" conditionals="0" coveredconditionals="0" methods="1" coveredmethods="1"/>
        <file name="setup.js" path="/Users/enstulen/Desktop/Sliddit/imports/jest/setup.js">
          <metrics statements="1" coveredstatements="1" conditionals="0" coveredconditionals="0" methods="1" coveredmethods="1"/>
          <line num="1" count="6" type="stmt"/>
        </file>
      </package>
      <package name="mocks.meteor">
        <metrics statements="6" coveredstatements="4" conditionals="0" coveredconditionals="0" methods="2" coveredmethods="0"/>
        <file name="kadira:flow-router.js" path="/Users/enstulen/Desktop/Sliddit/imports/mocks/meteor/kadira:flow-router.js">
          <metrics statements="3" coveredstatements="2" conditionals="0" coveredconditionals="0" methods="1" coveredmethods="0"/>
          <line num="1" count="3" type="stmt"/>
          <line num="2" count="0" type="stmt"/>
          <line num="4" count="3" type="stmt"/>
        </file>
        <file name="meteor.js" path="/Users/enstulen/Desktop/Sliddit/imports/mocks/meteor/meteor.js">
          <metrics statements="3" coveredstatements="2" conditionals="0" coveredconditionals="0" methods="1" coveredmethods="0"/>
          <line num="1" count="4" type="stmt"/>
          <line num="2" count="0" type="stmt"/>
          <line num="4" count="4" type="stmt"/>
        </file>
      </package>
      <package name="ui">
        <metrics statements="45" coveredstatements="25" conditionals="6" coveredconditionals="4" methods="15" coveredmethods="9"/>
        <file name="GaugeWrapper.jsx" path="/Users/enstulen/Desktop/Sliddit/imports/ui/GaugeWrapper.jsx">
          <metrics statements="11" coveredstatements="10" conditionals="2" coveredconditionals="1" methods="3" coveredmethods="3"/>
          <line num="10" count="2" type="stmt"/>
          <line num="11" count="2" type="stmt"/>
          <line num="19" count="2" type="cond" truecount="1" falsecount="1"/>
          <line num="20" count="2" type="stmt"/>
          <line num="21" count="2" type="stmt"/>
          <line num="22" count="3" type="stmt"/>
          <line num="24" count="2" type="stmt"/>
          <line num="25" count="2" type="stmt"/>
          <line num="27" count="0" type="stmt"/>
          <line num="31" count="2" type="stmt"/>
          <line num="41" count="1" type="stmt"/>
        </file>
        <file name="Lecture.jsx" path="/Users/enstulen/Desktop/Sliddit/imports/ui/Lecture.jsx">
          <metrics statements="15" coveredstatements="8" conditionals="4" coveredconditionals="3" methods="3" coveredmethods="2"/>
          <line num="9" count="3" type="stmt"/>
          <line num="11" count="3" type="stmt"/>
          <line num="16" count="0" type="stmt"/>
          <line num="17" count="0" type="stmt"/>
          <line num="18" count="0" type="stmt"/>
          <line num="21" count="0" type="stmt"/>
          <line num="22" count="0" type="stmt"/>
          <line num="25" count="0" type="stmt"/>
          <line num="30" count="3" type="cond" truecount="1" falsecount="1"/>
          <line num="31" count="0" type="stmt"/>
          <line num="33" count="3" type="cond" truecount="2" falsecount="0"/>
          <line num="34" count="1" type="stmt"/>
          <line num="41" count="2" type="stmt"/>
          <line num="49" count="3" type="stmt"/>
          <line num="53" count="3" type="stmt"/>
        </file>
        <file name="NavbarHeader.jsx" path="/Users/enstulen/Desktop/Sliddit/imports/ui/NavbarHeader.jsx">
          <metrics statements="12" coveredstatements="3" conditionals="0" coveredconditionals="0" methods="5" coveredmethods="2"/>
          <line num="12" count="0" type="stmt"/>
          <line num="13" count="0" type="stmt"/>
          <line num="16" count="3" type="stmt"/>
          <line num="17" count="0" type="stmt"/>
          <line num="23" count="0" type="stmt"/>
          <line num="24" count="0" type="stmt"/>
          <line num="25" count="0" type="stmt"/>
          <line num="28" count="0" type="stmt"/>
          <line num="29" count="0" type="stmt"/>
          <line num="32" count="0" type="stmt"/>
          <line num="36" count="3" type="stmt"/>
          <line num="72" count="2" type="stmt"/>
        </file>
        <file name="SliderWrapper.jsx" path="/Users/enstulen/Desktop/Sliddit/imports/ui/SliderWrapper.jsx">
          <metrics statements="7" coveredstatements="4" conditionals="0" coveredconditionals="0" methods="4" coveredmethods="2"/>
          <line num="13" count="1" type="stmt"/>
          <line num="14" count="1" type="stmt"/>
          <line num="21" count="0" type="stmt"/>
          <line num="25" count="0" type="stmt"/>
          <line num="28" count="1" type="stmt"/>
          <line num="29" count="1" type="stmt"/>
          <line num="32" count="0" type="stmt"/>
        </file>
      </package>
      <package name="ui.components">
        <metrics statements="2" coveredstatements="2" conditionals="0" coveredconditionals="0" methods="1" coveredmethods="1"/>
        <file name="comment.jsx" path="/Users/enstulen/Desktop/Sliddit/imports/ui/components/comment.jsx">
          <metrics statements="2" coveredstatements="2" conditionals="0" coveredconditionals="0" methods="1" coveredmethods="1"/>
          <line num="6" count="2" type="stmt"/>
          <line num="17" count="1" type="stmt"/>
        </file>
      </package>
      <package name="ui.pages">
        <metrics statements="6" coveredstatements="3" conditionals="0" coveredconditionals="0" methods="3" coveredmethods="1"/>
        <file name="404.jsx" path="/Users/enstulen/Desktop/Sliddit/imports/ui/pages/404.jsx">
          <metrics statements="6" coveredstatements="3" conditionals="0" coveredconditionals="0" methods="3" coveredmethods="1"/>
          <line num="9" count="0" type="stmt"/>
          <line num="10" count="0" type="stmt"/>
          <line num="14" count="2" type="stmt"/>
          <line num="32" count="0" type="stmt"/>
          <line num="42" count="1" type="stmt"/>
          <line num="46" count="1" type="stmt"/>
        </file>
      </package>
    </metrics>
  </project>
</coverage>
