{"/Users/enstulen/Desktop/Sliddit/imports/jest/setup.js": {"path":"/Users/enstulen/Desktop/Sliddit/imports/jest/setup.js","statementMap":{"0":{"start":{"line":1,"column":0},"end":{"line":1,"column":51}},"1":{"start":{"line":1,"column":36},"end":{"line":1,"column":49}}},"fnMap":{"0":{"name":"(anonymous_0)","decl":{"start":{"line":1,"column":30},"end":{"line":1,"column":31}},"loc":{"start":{"line":1,"column":36},"end":{"line":1,"column":49}},"line":1}},"branchMap":{},"s":{"0":6,"1":4},"f":{"0":4},"b":{},"_coverageSchema":"332fd63041d2c1bcb487cc26dd0d5f7d97098a6c","hash":"109aa331206923e27dfa286e7e9511113c96bbc9"}
,"/Users/enstulen/Desktop/Sliddit/imports/mocks/meteor/kadira:flow-router.js": {"path":"/Users/enstulen/Desktop/Sliddit/imports/mocks/meteor/kadira:flow-router.js","statementMap":{"0":{"start":{"line":1,"column":0},"end":{"line":3,"column":2}},"1":{"start":{"line":2,"column":24},"end":{"line":2,"column":36}},"2":{"start":{"line":4,"column":0},"end":{"line":4,"column":25}}},"fnMap":{"0":{"name":"(anonymous_0)","decl":{"start":{"line":2,"column":6},"end":{"line":2,"column":7}},"loc":{"start":{"line":2,"column":22},"end":{"line":2,"column":38}},"line":2}},"branchMap":{},"s":{"0":3,"1":0,"2":3},"f":{"0":0},"b":{},"_coverageSchema":"332fd63041d2c1bcb487cc26dd0d5f7d97098a6c","hash":"9afe97caab9e6c804e1319bf5822c29a5a16433f"}
,"/Users/enstulen/Desktop/Sliddit/imports/mocks/meteor/meteor.js": {"path":"/Users/enstulen/Desktop/Sliddit/imports/mocks/meteor/meteor.js","statementMap":{"0":{"start":{"line":1,"column":0},"end":{"line":3,"column":2}},"1":{"start":{"line":2,"column":24},"end":{"line":2,"column":36}},"2":{"start":{"line":4,"column":0},"end":{"line":4,"column":32}}},"fnMap":{"0":{"name":"(anonymous_0)","decl":{"start":{"line":2,"column":6},"end":{"line":2,"column":7}},"loc":{"start":{"line":2,"column":22},"end":{"line":2,"column":38}},"line":2}},"branchMap":{},"s":{"0":4,"1":0,"2":4},"f":{"0":0},"b":{},"_coverageSchema":"332fd63041d2c1bcb487cc26dd0d5f7d97098a6c","hash":"381c3813194c3f733e6aa126148f622425fcbb8e"}
,"/Users/enstulen/Desktop/Sliddit/imports/ui/GaugeWrapper.jsx": {"path":"/Users/enstulen/Desktop/Sliddit/imports/ui/GaugeWrapper.jsx","statementMap":{"0":{"start":{"line":10,"column":4},"end":{"line":10,"column":17}},"1":{"start":{"line":11,"column":4},"end":{"line":15,"column":6}},"2":{"start":{"line":19,"column":4},"end":{"line":26,"column":5}},"3":{"start":{"line":20,"column":18},"end":{"line":20,"column":19}},"4":{"start":{"line":21,"column":6},"end":{"line":23,"column":7}},"5":{"start":{"line":22,"column":8},"end":{"line":22,"column":32}},"6":{"start":{"line":24,"column":22},"end":{"line":24,"column":42}},"7":{"start":{"line":25,"column":6},"end":{"line":25,"column":33}},"8":{"start":{"line":27,"column":4},"end":{"line":27,"column":13}},"9":{"start":{"line":31,"column":4},"end":{"line":35,"column":6}},"10":{"start":{"line":41,"column":0},"end":{"line":43,"column":2}}},"fnMap":{"0":{"name":"(anonymous_0)","decl":{"start":{"line":9,"column":2},"end":{"line":9,"column":3}},"loc":{"start":{"line":9,"column":21},"end":{"line":16,"column":3}},"line":9},"1":{"name":"(anonymous_1)","decl":{"start":{"line":18,"column":2},"end":{"line":18,"column":3}},"loc":{"start":{"line":18,"column":26},"end":{"line":28,"column":3}},"line":18},"2":{"name":"(anonymous_2)","decl":{"start":{"line":30,"column":2},"end":{"line":30,"column":3}},"loc":{"start":{"line":30,"column":11},"end":{"line":36,"column":3}},"line":30}},"branchMap":{"0":{"loc":{"start":{"line":19,"column":4},"end":{"line":26,"column":5}},"type":"if","locations":[{"start":{"line":19,"column":4},"end":{"line":26,"column":5}},{"start":{"line":19,"column":4},"end":{"line":26,"column":5}}],"line":19}},"s":{"0":2,"1":2,"2":2,"3":2,"4":2,"5":3,"6":2,"7":2,"8":0,"9":2,"10":1},"f":{"0":2,"1":2,"2":2},"b":{"0":[2,0]},"_coverageSchema":"332fd63041d2c1bcb487cc26dd0d5f7d97098a6c","hash":"7c5892773f98271240a71168cde4964c6f596ffd"}
,"/Users/enstulen/Desktop/Sliddit/imports/ui/Lecture.jsx": {"path":"/Users/enstulen/Desktop/Sliddit/imports/ui/Lecture.jsx","statementMap":{"0":{"start":{"line":9,"column":4},"end":{"line":9,"column":17}},"1":{"start":{"line":11,"column":4},"end":{"line":11,"column":63}},"2":{"start":{"line":16,"column":4},"end":{"line":16,"column":27}},"3":{"start":{"line":17,"column":24},"end":{"line":17,"column":54}},"4":{"start":{"line":18,"column":19},"end":{"line":20,"column":5}},"5":{"start":{"line":21,"column":22},"end":{"line":21,"column":31}},"6":{"start":{"line":22,"column":4},"end":{"line":22,"column":41}},"7":{"start":{"line":25,"column":4},"end":{"line":25,"column":104}},"8":{"start":{"line":30,"column":4},"end":{"line":32,"column":5}},"9":{"start":{"line":31,"column":6},"end":{"line":31,"column":18}},"10":{"start":{"line":33,"column":4},"end":{"line":40,"column":5}},"11":{"start":{"line":34,"column":6},"end":{"line":39,"column":8}},"12":{"start":{"line":41,"column":4},"end":{"line":43,"column":6}},"13":{"start":{"line":49,"column":0},"end":{"line":51,"column":2}},"14":{"start":{"line":53,"column":0},"end":{"line":56,"column":2}}},"fnMap":{"0":{"name":"(anonymous_0)","decl":{"start":{"line":8,"column":2},"end":{"line":8,"column":3}},"loc":{"start":{"line":8,"column":21},"end":{"line":12,"column":3}},"line":8},"1":{"name":"(anonymous_1)","decl":{"start":{"line":14,"column":2},"end":{"line":14,"column":3}},"loc":{"start":{"line":14,"column":27},"end":{"line":26,"column":3}},"line":14},"2":{"name":"(anonymous_2)","decl":{"start":{"line":29,"column":2},"end":{"line":29,"column":3}},"loc":{"start":{"line":29,"column":11},"end":{"line":44,"column":3}},"line":29}},"branchMap":{"0":{"loc":{"start":{"line":30,"column":4},"end":{"line":32,"column":5}},"type":"if","locations":[{"start":{"line":30,"column":4},"end":{"line":32,"column":5}},{"start":{"line":30,"column":4},"end":{"line":32,"column":5}}],"line":30},"1":{"loc":{"start":{"line":33,"column":4},"end":{"line":40,"column":5}},"type":"if","locations":[{"start":{"line":33,"column":4},"end":{"line":40,"column":5}},{"start":{"line":33,"column":4},"end":{"line":40,"column":5}}],"line":33}},"s":{"0":3,"1":3,"2":0,"3":0,"4":0,"5":0,"6":0,"7":0,"8":3,"9":0,"10":3,"11":1,"12":2,"13":3,"14":3},"f":{"0":3,"1":0,"2":3},"b":{"0":[0,3],"1":[1,2]},"_coverageSchema":"332fd63041d2c1bcb487cc26dd0d5f7d97098a6c","hash":"31135354bed284a2bd934bfd5580616ec22cd20a"}
,"/Users/enstulen/Desktop/Sliddit/imports/ui/NavbarHeader.jsx": {"path":"/Users/enstulen/Desktop/Sliddit/imports/ui/NavbarHeader.jsx","statementMap":{"0":{"start":{"line":12,"column":4},"end":{"line":12,"column":27}},"1":{"start":{"line":13,"column":4},"end":{"line":13,"column":23}},"2":{"start":{"line":16,"column":4},"end":{"line":18,"column":7}},"3":{"start":{"line":17,"column":6},"end":{"line":17,"column":52}},"4":{"start":{"line":23,"column":4},"end":{"line":23,"column":27}},"5":{"start":{"line":24,"column":24},"end":{"line":24,"column":39}},"6":{"start":{"line":25,"column":19},"end":{"line":27,"column":5}},"7":{"start":{"line":28,"column":22},"end":{"line":28,"column":31}},"8":{"start":{"line":29,"column":4},"end":{"line":29,"column":41}},"9":{"start":{"line":32,"column":4},"end":{"line":32,"column":85}},"10":{"start":{"line":36,"column":4},"end":{"line":66,"column":6}},"11":{"start":{"line":72,"column":0},"end":{"line":74,"column":2}}},"fnMap":{"0":{"name":"(anonymous_0)","decl":{"start":{"line":10,"column":2},"end":{"line":10,"column":3}},"loc":{"start":{"line":10,"column":27},"end":{"line":14,"column":3}},"line":10},"1":{"name":"(anonymous_1)","decl":{"start":{"line":15,"column":2},"end":{"line":15,"column":3}},"loc":{"start":{"line":15,"column":19},"end":{"line":19,"column":3}},"line":15},"2":{"name":"(anonymous_2)","decl":{"start":{"line":16,"column":35},"end":{"line":16,"column":36}},"loc":{"start":{"line":17,"column":6},"end":{"line":17,"column":52}},"line":17},"3":{"name":"(anonymous_3)","decl":{"start":{"line":21,"column":2},"end":{"line":21,"column":3}},"loc":{"start":{"line":21,"column":26},"end":{"line":33,"column":3}},"line":21},"4":{"name":"(anonymous_4)","decl":{"start":{"line":35,"column":2},"end":{"line":35,"column":3}},"loc":{"start":{"line":35,"column":11},"end":{"line":67,"column":3}},"line":35}},"branchMap":{},"s":{"0":0,"1":0,"2":3,"3":0,"4":0,"5":0,"6":0,"7":0,"8":0,"9":0,"10":3,"11":2},"f":{"0":0,"1":3,"2":0,"3":0,"4":3},"b":{},"_coverageSchema":"332fd63041d2c1bcb487cc26dd0d5f7d97098a6c","hash":"8fe552ce59d0d5ed1ea6011ae275f9986132bc8f"}
,"/Users/enstulen/Desktop/Sliddit/imports/ui/SliderWrapper.jsx": {"path":"/Users/enstulen/Desktop/Sliddit/imports/ui/SliderWrapper.jsx","statementMap":{"0":{"start":{"line":13,"column":4},"end":{"line":13,"column":17}},"1":{"start":{"line":14,"column":4},"end":{"line":16,"column":6}},"2":{"start":{"line":21,"column":4},"end":{"line":23,"column":7}},"3":{"start":{"line":25,"column":4},"end":{"line":25,"column":83}},"4":{"start":{"line":28,"column":18},"end":{"line":28,"column":34}},"5":{"start":{"line":29,"column":4},"end":{"line":35,"column":6}},"6":{"start":{"line":32,"column":76},"end":{"line":32,"column":105}}},"fnMap":{"0":{"name":"(anonymous_0)","decl":{"start":{"line":12,"column":2},"end":{"line":12,"column":3}},"loc":{"start":{"line":12,"column":21},"end":{"line":17,"column":3}},"line":12},"1":{"name":"(anonymous_1)","decl":{"start":{"line":19,"column":2},"end":{"line":19,"column":3}},"loc":{"start":{"line":19,"column":21},"end":{"line":26,"column":3}},"line":19},"2":{"name":"(anonymous_2)","decl":{"start":{"line":27,"column":2},"end":{"line":27,"column":3}},"loc":{"start":{"line":27,"column":11},"end":{"line":36,"column":3}},"line":27},"3":{"name":"(anonymous_3)","decl":{"start":{"line":32,"column":61},"end":{"line":32,"column":62}},"loc":{"start":{"line":32,"column":76},"end":{"line":32,"column":105}},"line":32}},"branchMap":{},"s":{"0":1,"1":1,"2":0,"3":0,"4":1,"5":1,"6":0},"f":{"0":1,"1":0,"2":1,"3":0},"b":{},"_coverageSchema":"332fd63041d2c1bcb487cc26dd0d5f7d97098a6c","hash":"828271c08e0966ae01217bc1bdb8d14ec5178590"}
,"/Users/enstulen/Desktop/Sliddit/imports/ui/components/comment.jsx": {"path":"/Users/enstulen/Desktop/Sliddit/imports/ui/components/comment.jsx","statementMap":{"0":{"start":{"line":6,"column":4},"end":{"line":11,"column":6}},"1":{"start":{"line":17,"column":0},"end":{"line":20,"column":2}}},"fnMap":{"0":{"name":"(anonymous_0)","decl":{"start":{"line":5,"column":2},"end":{"line":5,"column":3}},"loc":{"start":{"line":5,"column":11},"end":{"line":12,"column":3}},"line":5}},"branchMap":{},"s":{"0":2,"1":1},"f":{"0":2},"b":{},"_coverageSchema":"332fd63041d2c1bcb487cc26dd0d5f7d97098a6c","hash":"bead2dcb5f433e1717a225c19654448f47de7dcd"}
,"/Users/enstulen/Desktop/Sliddit/imports/ui/pages/404.jsx": {"path":"/Users/enstulen/Desktop/Sliddit/imports/ui/pages/404.jsx","statementMap":{"0":{"start":{"line":9,"column":4},"end":{"line":9,"column":27}},"1":{"start":{"line":10,"column":4},"end":{"line":10,"column":23}},"2":{"start":{"line":14,"column":4},"end":{"line":26,"column":6}},"3":{"start":{"line":32,"column":4},"end":{"line":36,"column":6}},"4":{"start":{"line":42,"column":0},"end":{"line":44,"column":2}},"5":{"start":{"line":46,"column":0},"end":{"line":48,"column":2}}},"fnMap":{"0":{"name":"(anonymous_0)","decl":{"start":{"line":7,"column":2},"end":{"line":7,"column":3}},"loc":{"start":{"line":7,"column":27},"end":{"line":11,"column":3}},"line":7},"1":{"name":"(anonymous_1)","decl":{"start":{"line":13,"column":2},"end":{"line":13,"column":3}},"loc":{"start":{"line":13,"column":11},"end":{"line":27,"column":3}},"line":13},"2":{"name":"(anonymous_2)","decl":{"start":{"line":31,"column":2},"end":{"line":31,"column":3}},"loc":{"start":{"line":31,"column":11},"end":{"line":37,"column":3}},"line":31}},"branchMap":{},"s":{"0":0,"1":0,"2":2,"3":0,"4":1,"5":1},"f":{"0":0,"1":2,"2":0},"b":{},"_coverageSchema":"332fd63041d2c1bcb487cc26dd0d5f7d97098a6c","hash":"242e949411412b0882d772f09a383eeef5cfa73d"}
}
