TN:
SF:/Users/enstulen/Desktop/Sliddit/imports/jest/setup.js
FN:1,(anonymous_0)
FNF:1
FNH:1
FNDA:4,(anonymous_0)
DA:1,6
LF:1
LH:1
BRF:0
BRH:0
end_of_record
TN:
SF:/Users/enstulen/Desktop/Sliddit/imports/mocks/meteor/kadira:flow-router.js
FN:2,(anonymous_0)
FNF:1
FNH:0
FNDA:0,(anonymous_0)
DA:1,3
DA:2,0
DA:4,3
LF:3
LH:2
BRF:0
BRH:0
end_of_record
TN:
SF:/Users/enstulen/Desktop/Sliddit/imports/mocks/meteor/meteor.js
FN:2,(anonymous_0)
FNF:1
FNH:0
FNDA:0,(anonymous_0)
DA:1,4
DA:2,0
DA:4,4
LF:3
LH:2
BRF:0
BRH:0
end_of_record
TN:
SF:/Users/enstulen/Desktop/Sliddit/imports/ui/GaugeWrapper.jsx
FN:9,(anonymous_0)
FN:18,(anonymous_1)
FN:30,(anonymous_2)
FNF:3
FNH:3
FNDA:2,(anonymous_0)
FNDA:2,(anonymous_1)
FNDA:2,(anonymous_2)
DA:10,2
DA:11,2
DA:19,2
DA:20,2
DA:21,2
DA:22,3
DA:24,2
DA:25,2
DA:27,0
DA:31,2
DA:41,1
LF:11
LH:10
BRDA:19,0,0,2
BRDA:19,0,1,0
BRF:2
BRH:1
end_of_record
TN:
SF:/Users/enstulen/Desktop/Sliddit/imports/ui/Lecture.jsx
FN:8,(anonymous_0)
FN:14,(anonymous_1)
FN:29,(anonymous_2)
FNF:3
FNH:2
FNDA:3,(anonymous_0)
FNDA:0,(anonymous_1)
FNDA:3,(anonymous_2)
DA:9,3
DA:11,3
DA:16,0
DA:17,0
DA:18,0
DA:21,0
DA:22,0
DA:25,0
DA:30,3
DA:31,0
DA:33,3
DA:34,1
DA:41,2
DA:49,3
DA:53,3
LF:15
LH:8
BRDA:30,0,0,0
BRDA:30,0,1,3
BRDA:33,1,0,1
BRDA:33,1,1,2
BRF:4
BRH:3
end_of_record
TN:
SF:/Users/enstulen/Desktop/Sliddit/imports/ui/NavbarHeader.jsx
FN:10,(anonymous_0)
FN:15,(anonymous_1)
FN:16,(anonymous_2)
FN:21,(anonymous_3)
FN:35,(anonymous_4)
FNF:5
FNH:2
FNDA:0,(anonymous_0)
FNDA:3,(anonymous_1)
FNDA:0,(anonymous_2)
FNDA:0,(anonymous_3)
FNDA:3,(anonymous_4)
DA:12,0
DA:13,0
DA:16,3
DA:17,0
DA:23,0
DA:24,0
DA:25,0
DA:28,0
DA:29,0
DA:32,0
DA:36,3
DA:72,2
LF:12
LH:3
BRF:0
BRH:0
end_of_record
TN:
SF:/Users/enstulen/Desktop/Sliddit/imports/ui/SliderWrapper.jsx
FN:12,(anonymous_0)
FN:19,(anonymous_1)
FN:27,(anonymous_2)
FN:32,(anonymous_3)
FNF:4
FNH:2
FNDA:1,(anonymous_0)
FNDA:0,(anonymous_1)
FNDA:1,(anonymous_2)
FNDA:0,(anonymous_3)
DA:13,1
DA:14,1
DA:21,0
DA:25,0
DA:28,1
DA:29,1
DA:32,0
LF:7
LH:4
BRF:0
BRH:0
end_of_record
TN:
SF:/Users/enstulen/Desktop/Sliddit/imports/ui/components/comment.jsx
FN:5,(anonymous_0)
FNF:1
FNH:1
FNDA:2,(anonymous_0)
DA:6,2
DA:17,1
LF:2
LH:2
BRF:0
BRH:0
end_of_record
TN:
SF:/Users/enstulen/Desktop/Sliddit/imports/ui/pages/404.jsx
FN:7,(anonymous_0)
FN:13,(anonymous_1)
FN:31,(anonymous_2)
FNF:3
FNH:1
FNDA:0,(anonymous_0)
FNDA:2,(anonymous_1)
FNDA:0,(anonymous_2)
DA:9,0
DA:10,0
DA:14,2
DA:32,0
DA:42,1
DA:46,1
LF:6
LH:3
BRF:0
BRH:0
end_of_record
